 - - [12/Apr/2019:01:37:01 +0000] "GET / HTTP/1.0" 200 287 "-" "Mozilla/5.0 (Macintosh; Intel Mac OS X 10_14_4) AppleWebKit/537.36 (KHTML, like Gecko) Chrome/73.0.3683.86 Safari/537.36"
 - - [12/Apr/2019:01:37:01 +0000] "GET /favicon.ico HTTP/1.0" 404 232 "http://ec2-13-57-176-60.us-west-1.compute.amazonaws.com/" "Mozilla/5.0 (Macintosh; Intel Mac OS X 10_14_4) AppleWebKit/537.36 (KHTML, like Gecko) Chrome/73.0.3683.86 Safari/537.36"
 - - [12/Apr/2019:01:38:27 +0000] "GET / HTTP/1.0" 200 287 "-" "Mozilla/5.0 (Windows NT 6.1; Win64; x64) AppleWebKit/537.36 (KHTML, like Gecko) Chrome/72.0.3626.109 Safari/537.36"
 - - [12/Apr/2019:01:56:30 +0000] "GET / HTTP/1.0" 200 287 "-" "Mozilla/5.0 (Macintosh; Intel Mac OS X 10_14_4) AppleWebKit/537.36 (KHTML, like Gecko) Chrome/73.0.3683.86 Safari/537.36"
 - - [12/Apr/2019:02:14:08 +0000] "GET / HTTP/1.0" 200 287 "-" "Mozilla/5.0 (Macintosh; Intel Mac OS X 10_14_4) AppleWebKit/537.36 (KHTML, like Gecko) Chrome/73.0.3683.86 Safari/537.36"
 - - [12/Apr/2019:02:14:08 +0000] "GET / HTTP/1.0" 200 287 "-" "Mozilla/5.0 (Macintosh; Intel Mac OS X 10_14_4) AppleWebKit/537.36 (KHTML, like Gecko) Chrome/73.0.3683.86 Safari/537.36"
 - - [12/Apr/2019:02:15:45 +0000] "GET / HTTP/1.0" 200 287 "-" "Mozilla/5.0 (Macintosh; Intel Mac OS X 10_14_4) AppleWebKit/537.36 (KHTML, like Gecko) Chrome/73.0.3683.86 Safari/537.36"
 - - [12/Apr/2019:02:15:53 +0000] "POST / HTTP/1.0" 500 290 "http://ec2-13-57-176-60.us-west-1.compute.amazonaws.com/" "Mozilla/5.0 (Macintosh; Intel Mac OS X 10_14_4) AppleWebKit/537.36 (KHTML, like Gecko) Chrome/73.0.3683.86 Safari/537.36"
 - - [12/Apr/2019:02:15:57 +0000] "POST / HTTP/1.0" 500 290 "http://ec2-13-57-176-60.us-west-1.compute.amazonaws.com/" "Mozilla/5.0 (Macintosh; Intel Mac OS X 10_14_4) AppleWebKit/537.36 (KHTML, like Gecko) Chrome/73.0.3683.86 Safari/537.36"
 - - [12/Apr/2019:02:16:03 +0000] "POST / HTTP/1.0" 500 290 "http://ec2-13-57-176-60.us-west-1.compute.amazonaws.com/" "Mozilla/5.0 (Macintosh; Intel Mac OS X 10_14_4) AppleWebKit/537.36 (KHTML, like Gecko) Chrome/73.0.3683.86 Safari/537.36"
 - - [12/Apr/2019:02:17:02 +0000] "GET / HTTP/1.0" 200 287 "-" "Mozilla/5.0 (Macintosh; Intel Mac OS X 10_14_4) AppleWebKit/537.36 (KHTML, like Gecko) Chrome/73.0.3683.86 Safari/537.36"
 - - [12/Apr/2019:02:17:07 +0000] "POST / HTTP/1.0" 200 459 "http://ec2-13-57-176-60.us-west-1.compute.amazonaws.com/" "Mozilla/5.0 (Macintosh; Intel Mac OS X 10_14_4) AppleWebKit/537.36 (KHTML, like Gecko) Chrome/73.0.3683.86 Safari/537.36"
 - - [12/Apr/2019:02:27:57 +0000] "GET / HTTP/1.0" 200 800 "-" "Mozilla/5.0 (Macintosh; Intel Mac OS X 10_14_4) AppleWebKit/537.36 (KHTML, like Gecko) Chrome/73.0.3683.86 Safari/537.36"
 - - [12/Apr/2019:02:27:57 +0000] "GET /stylesheet.css HTTP/1.0" 404 232 "http://ec2-13-57-176-60.us-west-1.compute.amazonaws.com/" "Mozilla/5.0 (Macintosh; Intel Mac OS X 10_14_4) AppleWebKit/537.36 (KHTML, like Gecko) Chrome/73.0.3683.86 Safari/537.36"
 - - [12/Apr/2019:02:28:00 +0000] "GET / HTTP/1.0" 200 800 "-" "Mozilla/5.0 (Macintosh; Intel Mac OS X 10_14_4) AppleWebKit/537.36 (KHTML, like Gecko) Chrome/73.0.3683.86 Safari/537.36"
 - - [12/Apr/2019:02:28:00 +0000] "GET /stylesheet.css HTTP/1.0" 404 232 "http://ec2-13-57-176-60.us-west-1.compute.amazonaws.com/" "Mozilla/5.0 (Macintosh; Intel Mac OS X 10_14_4) AppleWebKit/537.36 (KHTML, like Gecko) Chrome/73.0.3683.86 Safari/537.36"
 - - [12/Apr/2019:02:28:05 +0000] "POST / HTTP/1.0" 200 459 "http://ec2-13-57-176-60.us-west-1.compute.amazonaws.com/" "Mozilla/5.0 (Macintosh; Intel Mac OS X 10_14_4) AppleWebKit/537.36 (KHTML, like Gecko) Chrome/73.0.3683.86 Safari/537.36"
 - - [12/Apr/2019:02:28:07 +0000] "GET / HTTP/1.0" 200 800 "-" "Mozilla/5.0 (Macintosh; Intel Mac OS X 10_14_4) AppleWebKit/537.36 (KHTML, like Gecko) Chrome/73.0.3683.86 Safari/537.36"
 - - [12/Apr/2019:02:29:32 +0000] "GET / HTTP/1.0" 500 290 "-" "Mozilla/5.0 (Macintosh; Intel Mac OS X 10_14_4) AppleWebKit/537.36 (KHTML, like Gecko) Chrome/73.0.3683.86 Safari/537.36"
 - - [12/Apr/2019:02:29:34 +0000] "GET / HTTP/1.0" 500 290 "-" "Mozilla/5.0 (Macintosh; Intel Mac OS X 10_14_4) AppleWebKit/537.36 (KHTML, like Gecko) Chrome/73.0.3683.86 Safari/537.36"
 - - [12/Apr/2019:02:29:37 +0000] "GET / HTTP/1.0" 500 290 "-" "Mozilla/5.0 (Macintosh; Intel Mac OS X 10_14_4) AppleWebKit/537.36 (KHTML, like Gecko) Chrome/73.0.3683.86 Safari/537.36"
 - - [12/Apr/2019:02:30:30 +0000] "GET / HTTP/1.0" 200 764 "-" "Mozilla/5.0 (Macintosh; Intel Mac OS X 10_14_4) AppleWebKit/537.36 (KHTML, like Gecko) Chrome/73.0.3683.86 Safari/537.36"
 - - [12/Apr/2019:02:30:30 +0000] "GET /stylesheet.css HTTP/1.0" 404 232 "http://ec2-13-57-176-60.us-west-1.compute.amazonaws.com/" "Mozilla/5.0 (Macintosh; Intel Mac OS X 10_14_4) AppleWebKit/537.36 (KHTML, like Gecko) Chrome/73.0.3683.86 Safari/537.36"
 - - [12/Apr/2019:02:30:42 +0000] "POST / HTTP/1.0" 200 459 "http://ec2-13-57-176-60.us-west-1.compute.amazonaws.com/" "Mozilla/5.0 (Macintosh; Intel Mac OS X 10_14_4) AppleWebKit/537.36 (KHTML, like Gecko) Chrome/73.0.3683.86 Safari/537.36"
 - - [12/Apr/2019:02:30:50 +0000] "GET / HTTP/1.0" 200 764 "-" "Mozilla/5.0 (Macintosh; Intel Mac OS X 10_14_4) AppleWebKit/537.36 (KHTML, like Gecko) Chrome/73.0.3683.86 Safari/537.36"
 - - [12/Apr/2019:02:32:00 +0000] "GET / HTTP/1.0" 500 290 "-" "Mozilla/5.0 (Macintosh; Intel Mac OS X 10_14_4) AppleWebKit/537.36 (KHTML, like Gecko) Chrome/73.0.3683.86 Safari/537.36"
 - - [12/Apr/2019:02:33:55 +0000] "GET / HTTP/1.0" 500 290 "-" "Mozilla/5.0 (Macintosh; Intel Mac OS X 10_14_4) AppleWebKit/537.36 (KHTML, like Gecko) Chrome/73.0.3683.86 Safari/537.36"
 - - [12/Apr/2019:02:33:56 +0000] "GET / HTTP/1.0" 500 290 "-" "Mozilla/5.0 (Macintosh; Intel Mac OS X 10_14_4) AppleWebKit/537.36 (KHTML, like Gecko) Chrome/73.0.3683.86 Safari/537.36"
 - - [12/Apr/2019:02:33:57 +0000] "GET / HTTP/1.0" 500 290 "-" "Mozilla/5.0 (Macintosh; Intel Mac OS X 10_14_4) AppleWebKit/537.36 (KHTML, like Gecko) Chrome/73.0.3683.86 Safari/537.36"
 - - [12/Apr/2019:02:33:58 +0000] "GET / HTTP/1.0" 500 290 "-" "Mozilla/5.0 (Macintosh; Intel Mac OS X 10_14_4) AppleWebKit/537.36 (KHTML, like Gecko) Chrome/73.0.3683.86 Safari/537.36"
 - - [12/Apr/2019:02:34:52 +0000] "GET / HTTP/1.0" 500 290 "-" "Mozilla/5.0 (Macintosh; Intel Mac OS X 10_14_4) AppleWebKit/537.36 (KHTML, like Gecko) Chrome/73.0.3683.86 Safari/537.36"
 - - [12/Apr/2019:02:34:52 +0000] "GET / HTTP/1.0" 500 290 "-" "Mozilla/5.0 (Macintosh; Intel Mac OS X 10_14_4) AppleWebKit/537.36 (KHTML, like Gecko) Chrome/73.0.3683.86 Safari/537.36"
 - - [12/Apr/2019:02:35:34 +0000] "GET / HTTP/1.0" 200 789 "-" "Mozilla/5.0 (Macintosh; Intel Mac OS X 10_14_4) AppleWebKit/537.36 (KHTML, like Gecko) Chrome/73.0.3683.86 Safari/537.36"
 - - [12/Apr/2019:02:35:34 +0000] "GET /stylesheet.css HTTP/1.0" 404 232 "http://ec2-13-57-176-60.us-west-1.compute.amazonaws.com/" "Mozilla/5.0 (Macintosh; Intel Mac OS X 10_14_4) AppleWebKit/537.36 (KHTML, like Gecko) Chrome/73.0.3683.86 Safari/537.36"
 - - [12/Apr/2019:02:43:49 +0000] "GET / HTTP/1.0" 200 830 "-" "Mozilla/5.0 (Macintosh; Intel Mac OS X 10_14_4) AppleWebKit/537.36 (KHTML, like Gecko) Chrome/73.0.3683.86 Safari/537.36"
 - - [12/Apr/2019:02:43:49 +0000] "GET /stylesheet.css HTTP/1.0" 404 232 "http://ec2-13-57-176-60.us-west-1.compute.amazonaws.com/" "Mozilla/5.0 (Macintosh; Intel Mac OS X 10_14_4) AppleWebKit/537.36 (KHTML, like Gecko) Chrome/73.0.3683.86 Safari/537.36"
 - - [12/Apr/2019:02:45:02 +0000] "GET / HTTP/1.0" 200 899 "-" "Mozilla/5.0 (Macintosh; Intel Mac OS X 10_14_4) AppleWebKit/537.36 (KHTML, like Gecko) Chrome/73.0.3683.86 Safari/537.36"
 - - [12/Apr/2019:02:45:02 +0000] "GET /stylesheet.css HTTP/1.0" 404 232 "http://ec2-13-57-176-60.us-west-1.compute.amazonaws.com/" "Mozilla/5.0 (Macintosh; Intel Mac OS X 10_14_4) AppleWebKit/537.36 (KHTML, like Gecko) Chrome/73.0.3683.86 Safari/537.36"
 - - [12/Apr/2019:02:46:25 +0000] "GET / HTTP/1.0" 200 1220 "-" "Mozilla/5.0 (Macintosh; Intel Mac OS X 10_14_4) AppleWebKit/537.36 (KHTML, like Gecko) Chrome/73.0.3683.86 Safari/537.36"
 - - [12/Apr/2019:02:46:25 +0000] "GET /stylesheet.css HTTP/1.0" 404 232 "http://ec2-13-57-176-60.us-west-1.compute.amazonaws.com/" "Mozilla/5.0 (Macintosh; Intel Mac OS X 10_14_4) AppleWebKit/537.36 (KHTML, like Gecko) Chrome/73.0.3683.86 Safari/537.36"
 - - [12/Apr/2019:02:48:38 +0000] "GET / HTTP/1.0" 200 1220 "-" "Mozilla/5.0 (Macintosh; Intel Mac OS X 10_14_4) AppleWebKit/537.36 (KHTML, like Gecko) Chrome/73.0.3683.86 Safari/537.36"
 - - [12/Apr/2019:02:48:38 +0000] "GET /stylesheet.css HTTP/1.0" 404 232 "http://ec2-13-57-176-60.us-west-1.compute.amazonaws.com/" "Mozilla/5.0 (Macintosh; Intel Mac OS X 10_14_4) AppleWebKit/537.36 (KHTML, like Gecko) Chrome/73.0.3683.86 Safari/537.36"
 - - [12/Apr/2019:02:48:43 +0000] "POST / HTTP/1.0" 500 290 "http://ec2-13-57-176-60.us-west-1.compute.amazonaws.com/" "Mozilla/5.0 (Macintosh; Intel Mac OS X 10_14_4) AppleWebKit/537.36 (KHTML, like Gecko) Chrome/73.0.3683.86 Safari/537.36"
 - - [12/Apr/2019:02:49:51 +0000] "GET / HTTP/1.0" 200 1220 "-" "Mozilla/5.0 (Macintosh; Intel Mac OS X 10_14_4) AppleWebKit/537.36 (KHTML, like Gecko) Chrome/73.0.3683.86 Safari/537.36"
 - - [12/Apr/2019:02:49:51 +0000] "GET /stylesheet.css HTTP/1.0" 404 232 "http://ec2-13-57-176-60.us-west-1.compute.amazonaws.com/" "Mozilla/5.0 (Macintosh; Intel Mac OS X 10_14_4) AppleWebKit/537.36 (KHTML, like Gecko) Chrome/73.0.3683.86 Safari/537.36"
 - - [12/Apr/2019:02:49:58 +0000] "POST / HTTP/1.0" 500 290 "http://ec2-13-57-176-60.us-west-1.compute.amazonaws.com/" "Mozilla/5.0 (Macintosh; Intel Mac OS X 10_14_4) AppleWebKit/537.36 (KHTML, like Gecko) Chrome/73.0.3683.86 Safari/537.36"
 - - [12/Apr/2019:02:50:54 +0000] "GET / HTTP/1.0" 200 1220 "-" "Mozilla/5.0 (Macintosh; Intel Mac OS X 10_14_4) AppleWebKit/537.36 (KHTML, like Gecko) Chrome/73.0.3683.86 Safari/537.36"
 - - [12/Apr/2019:02:50:54 +0000] "GET /stylesheet.css HTTP/1.0" 404 232 "http://ec2-13-57-176-60.us-west-1.compute.amazonaws.com/" "Mozilla/5.0 (Macintosh; Intel Mac OS X 10_14_4) AppleWebKit/537.36 (KHTML, like Gecko) Chrome/73.0.3683.86 Safari/537.36"
 - - [12/Apr/2019:02:50:59 +0000] "POST / HTTP/1.0" 200 503 "http://ec2-13-57-176-60.us-west-1.compute.amazonaws.com/" "Mozilla/5.0 (Macintosh; Intel Mac OS X 10_14_4) AppleWebKit/537.36 (KHTML, like Gecko) Chrome/73.0.3683.86 Safari/537.36"
 - - [12/Apr/2019:02:51:11 +0000] "GET / HTTP/1.0" 200 1220 "-" "Mozilla/5.0 (Macintosh; Intel Mac OS X 10_14_4) AppleWebKit/537.36 (KHTML, like Gecko) Chrome/73.0.3683.86 Safari/537.36"
 - - [12/Apr/2019:02:51:18 +0000] "POST / HTTP/1.0" 200 503 "http://ec2-13-57-176-60.us-west-1.compute.amazonaws.com/" "Mozilla/5.0 (Macintosh; Intel Mac OS X 10_14_4) AppleWebKit/537.36 (KHTML, like Gecko) Chrome/73.0.3683.86 Safari/537.36"
 - - [12/Apr/2019:02:58:27 +0000] "GET / HTTP/1.0" 200 1220 "-" "Mozilla/5.0 (Macintosh; Intel Mac OS X 10_14_4) AppleWebKit/537.36 (KHTML, like Gecko) Chrome/73.0.3683.86 Safari/537.36"
 - - [12/Apr/2019:02:58:28 +0000] "GET / HTTP/1.0" 200 1220 "-" "Mozilla/5.0 (Macintosh; Intel Mac OS X 10_14_4) AppleWebKit/537.36 (KHTML, like Gecko) Chrome/73.0.3683.86 Safari/537.36"
 - - [12/Apr/2019:02:58:28 +0000] "GET /stylesheet.css HTTP/1.0" 404 232 "http://ec2-13-57-176-60.us-west-1.compute.amazonaws.com/" "Mozilla/5.0 (Macintosh; Intel Mac OS X 10_14_4) AppleWebKit/537.36 (KHTML, like Gecko) Chrome/73.0.3683.86 Safari/537.36"
 - - [12/Apr/2019:02:58:33 +0000] "POST / HTTP/1.0" 500 290 "http://ec2-13-57-176-60.us-west-1.compute.amazonaws.com/" "Mozilla/5.0 (Macintosh; Intel Mac OS X 10_14_4) AppleWebKit/537.36 (KHTML, like Gecko) Chrome/73.0.3683.86 Safari/537.36"
 - - [12/Apr/2019:03:00:26 +0000] "GET / HTTP/1.0" 200 1220 "-" "Mozilla/5.0 (Macintosh; Intel Mac OS X 10_14_4) AppleWebKit/537.36 (KHTML, like Gecko) Chrome/73.0.3683.86 Safari/537.36"
 - - [12/Apr/2019:03:00:26 +0000] "GET /stylesheet.css HTTP/1.0" 404 232 "http://ec2-13-57-176-60.us-west-1.compute.amazonaws.com/" "Mozilla/5.0 (Macintosh; Intel Mac OS X 10_14_4) AppleWebKit/537.36 (KHTML, like Gecko) Chrome/73.0.3683.86 Safari/537.36"
 - - [12/Apr/2019:03:00:32 +0000] "POST / HTTP/1.0" 500 290 "http://ec2-13-57-176-60.us-west-1.compute.amazonaws.com/" "Mozilla/5.0 (Macintosh; Intel Mac OS X 10_14_4) AppleWebKit/537.36 (KHTML, like Gecko) Chrome/73.0.3683.86 Safari/537.36"
 - - [12/Apr/2019:03:01:33 +0000] "GET / HTTP/1.0" 200 1220 "-" "Mozilla/5.0 (Macintosh; Intel Mac OS X 10_14_4) AppleWebKit/537.36 (KHTML, like Gecko) Chrome/73.0.3683.86 Safari/537.36"
 - - [12/Apr/2019:03:01:33 +0000] "GET /stylesheet.css HTTP/1.0" 404 232 "http://ec2-13-57-176-60.us-west-1.compute.amazonaws.com/" "Mozilla/5.0 (Macintosh; Intel Mac OS X 10_14_4) AppleWebKit/537.36 (KHTML, like Gecko) Chrome/73.0.3683.86 Safari/537.36"
 - - [12/Apr/2019:03:01:38 +0000] "POST / HTTP/1.0" 500 290 "http://ec2-13-57-176-60.us-west-1.compute.amazonaws.com/" "Mozilla/5.0 (Macintosh; Intel Mac OS X 10_14_4) AppleWebKit/537.36 (KHTML, like Gecko) Chrome/73.0.3683.86 Safari/537.36"
 - - [12/Apr/2019:03:02:33 +0000] "GET / HTTP/1.0" 200 1220 "-" "Mozilla/5.0 (Macintosh; Intel Mac OS X 10_14_4) AppleWebKit/537.36 (KHTML, like Gecko) Chrome/73.0.3683.86 Safari/537.36"
 - - [12/Apr/2019:03:02:33 +0000] "GET /stylesheet.css HTTP/1.0" 404 232 "http://ec2-13-57-176-60.us-west-1.compute.amazonaws.com/" "Mozilla/5.0 (Macintosh; Intel Mac OS X 10_14_4) AppleWebKit/537.36 (KHTML, like Gecko) Chrome/73.0.3683.86 Safari/537.36"
 - - [12/Apr/2019:03:02:38 +0000] "POST / HTTP/1.0" 500 290 "http://ec2-13-57-176-60.us-west-1.compute.amazonaws.com/" "Mozilla/5.0 (Macintosh; Intel Mac OS X 10_14_4) AppleWebKit/537.36 (KHTML, like Gecko) Chrome/73.0.3683.86 Safari/537.36"
 - - [12/Apr/2019:03:03:33 +0000] "GET / HTTP/1.0" 200 1220 "-" "Mozilla/5.0 (Macintosh; Intel Mac OS X 10_14_4) AppleWebKit/537.36 (KHTML, like Gecko) Chrome/73.0.3683.86 Safari/537.36"
 - - [12/Apr/2019:03:03:33 +0000] "GET /stylesheet.css HTTP/1.0" 404 232 "http://ec2-13-57-176-60.us-west-1.compute.amazonaws.com/" "Mozilla/5.0 (Macintosh; Intel Mac OS X 10_14_4) AppleWebKit/537.36 (KHTML, like Gecko) Chrome/73.0.3683.86 Safari/537.36"
 - - [12/Apr/2019:03:03:39 +0000] "POST / HTTP/1.0" 500 290 "http://ec2-13-57-176-60.us-west-1.compute.amazonaws.com/" "Mozilla/5.0 (Macintosh; Intel Mac OS X 10_14_4) AppleWebKit/537.36 (KHTML, like Gecko) Chrome/73.0.3683.86 Safari/537.36"
 - - [12/Apr/2019:03:04:30 +0000] "GET / HTTP/1.0" 200 1220 "-" "Mozilla/5.0 (Macintosh; Intel Mac OS X 10_14_4) AppleWebKit/537.36 (KHTML, like Gecko) Chrome/73.0.3683.86 Safari/537.36"
 - - [12/Apr/2019:03:04:30 +0000] "GET /stylesheet.css HTTP/1.0" 404 232 "http://ec2-13-57-176-60.us-west-1.compute.amazonaws.com/" "Mozilla/5.0 (Macintosh; Intel Mac OS X 10_14_4) AppleWebKit/537.36 (KHTML, like Gecko) Chrome/73.0.3683.86 Safari/537.36"
 - - [12/Apr/2019:03:04:35 +0000] "POST / HTTP/1.0" 500 290 "http://ec2-13-57-176-60.us-west-1.compute.amazonaws.com/" "Mozilla/5.0 (Macintosh; Intel Mac OS X 10_14_4) AppleWebKit/537.36 (KHTML, like Gecko) Chrome/73.0.3683.86 Safari/537.36"
 - - [12/Apr/2019:03:05:36 +0000] "GET / HTTP/1.0" 200 1226 "-" "Mozilla/5.0 (Macintosh; Intel Mac OS X 10_14_4) AppleWebKit/537.36 (KHTML, like Gecko) Chrome/73.0.3683.86 Safari/537.36"
 - - [12/Apr/2019:03:05:36 +0000] "GET /stylesheet.css HTTP/1.0" 404 232 "http://ec2-13-57-176-60.us-west-1.compute.amazonaws.com/" "Mozilla/5.0 (Macintosh; Intel Mac OS X 10_14_4) AppleWebKit/537.36 (KHTML, like Gecko) Chrome/73.0.3683.86 Safari/537.36"
 - - [12/Apr/2019:03:05:41 +0000] "POST / HTTP/1.0" 200 464 "http://ec2-13-57-176-60.us-west-1.compute.amazonaws.com/" "Mozilla/5.0 (Macintosh; Intel Mac OS X 10_14_4) AppleWebKit/537.36 (KHTML, like Gecko) Chrome/73.0.3683.86 Safari/537.36"
 - - [12/Apr/2019:03:06:47 +0000] "POST / HTTP/1.0" 200 509 "http://ec2-13-57-176-60.us-west-1.compute.amazonaws.com/" "Mozilla/5.0 (Macintosh; Intel Mac OS X 10_14_4) AppleWebKit/537.36 (KHTML, like Gecko) Chrome/73.0.3683.86 Safari/537.36"
 - - [12/Apr/2019:03:06:48 +0000] "GET / HTTP/1.0" 200 1226 "-" "Mozilla/5.0 (Macintosh; Intel Mac OS X 10_14_4) AppleWebKit/537.36 (KHTML, like Gecko) Chrome/73.0.3683.86 Safari/537.36"
 - - [12/Apr/2019:03:06:53 +0000] "POST / HTTP/1.0" 200 509 "http://ec2-13-57-176-60.us-west-1.compute.amazonaws.com/" "Mozilla/5.0 (Macintosh; Intel Mac OS X 10_14_4) AppleWebKit/537.36 (KHTML, like Gecko) Chrome/73.0.3683.86 Safari/537.36"
 - - [12/Apr/2019:03:07:46 +0000] "POST / HTTP/1.0" 200 536 "http://ec2-13-57-176-60.us-west-1.compute.amazonaws.com/" "Mozilla/5.0 (Macintosh; Intel Mac OS X 10_14_4) AppleWebKit/537.36 (KHTML, like Gecko) Chrome/73.0.3683.86 Safari/537.36"
 - - [12/Apr/2019:03:07:46 +0000] "GET / HTTP/1.0" 200 1226 "-" "Mozilla/5.0 (Macintosh; Intel Mac OS X 10_14_4) AppleWebKit/537.36 (KHTML, like Gecko) Chrome/73.0.3683.86 Safari/537.36"
 - - [12/Apr/2019:03:07:51 +0000] "POST / HTTP/1.0" 200 536 "http://ec2-13-57-176-60.us-west-1.compute.amazonaws.com/" "Mozilla/5.0 (Macintosh; Intel Mac OS X 10_14_4) AppleWebKit/537.36 (KHTML, like Gecko) Chrome/73.0.3683.86 Safari/537.36"
 - - [12/Apr/2019:03:08:34 +0000] "GET / HTTP/1.0" 200 1226 "-" "Mozilla/5.0 (Macintosh; Intel Mac OS X 10_14_4) AppleWebKit/537.36 (KHTML, like Gecko) Chrome/73.0.3683.86 Safari/537.36"
 - - [12/Apr/2019:03:08:40 +0000] "POST / HTTP/1.0" 200 591 "http://ec2-13-57-176-60.us-west-1.compute.amazonaws.com/" "Mozilla/5.0 (Macintosh; Intel Mac OS X 10_14_4) AppleWebKit/537.36 (KHTML, like Gecko) Chrome/73.0.3683.86 Safari/537.36"
 - - [12/Apr/2019:03:11:39 +0000] "POST / HTTP/1.0" 500 290 "http://ec2-13-57-176-60.us-west-1.compute.amazonaws.com/" "Mozilla/5.0 (Macintosh; Intel Mac OS X 10_14_4) AppleWebKit/537.36 (KHTML, like Gecko) Chrome/73.0.3683.86 Safari/537.36"
 - - [12/Apr/2019:03:11:40 +0000] "GET / HTTP/1.0" 200 1226 "-" "Mozilla/5.0 (Macintosh; Intel Mac OS X 10_14_4) AppleWebKit/537.36 (KHTML, like Gecko) Chrome/73.0.3683.86 Safari/537.36"
 - - [12/Apr/2019:03:11:46 +0000] "POST / HTTP/1.0" 500 290 "http://ec2-13-57-176-60.us-west-1.compute.amazonaws.com/" "Mozilla/5.0 (Macintosh; Intel Mac OS X 10_14_4) AppleWebKit/537.36 (KHTML, like Gecko) Chrome/73.0.3683.86 Safari/537.36"
 - - [12/Apr/2019:03:12:43 +0000] "POST / HTTP/1.0" 500 290 "http://ec2-13-57-176-60.us-west-1.compute.amazonaws.com/" "Mozilla/5.0 (Macintosh; Intel Mac OS X 10_14_4) AppleWebKit/537.36 (KHTML, like Gecko) Chrome/73.0.3683.86 Safari/537.36"
 - - [12/Apr/2019:03:12:51 +0000] "POST / HTTP/1.0" 500 290 "http://ec2-13-57-176-60.us-west-1.compute.amazonaws.com/" "Mozilla/5.0 (Macintosh; Intel Mac OS X 10_14_4) AppleWebKit/537.36 (KHTML, like Gecko) Chrome/73.0.3683.86 Safari/537.36"
 - - [12/Apr/2019:03:13:17 +0000] "GET / HTTP/1.0" 200 1226 "-" "Mozilla/5.0 (Macintosh; Intel Mac OS X 10_14_4) AppleWebKit/537.36 (KHTML, like Gecko) Chrome/73.0.3683.86 Safari/537.36"
 - - [12/Apr/2019:03:13:17 +0000] "GET /stylesheet.css HTTP/1.0" 404 232 "http://ec2-13-57-176-60.us-west-1.compute.amazonaws.com/" "Mozilla/5.0 (Macintosh; Intel Mac OS X 10_14_4) AppleWebKit/537.36 (KHTML, like Gecko) Chrome/73.0.3683.86 Safari/537.36"
 - - [12/Apr/2019:03:13:23 +0000] "POST / HTTP/1.0" 500 290 "http://ec2-13-57-176-60.us-west-1.compute.amazonaws.com/" "Mozilla/5.0 (Macintosh; Intel Mac OS X 10_14_4) AppleWebKit/537.36 (KHTML, like Gecko) Chrome/73.0.3683.86 Safari/537.36"
 - - [12/Apr/2019:03:14:06 +0000] "GET / HTTP/1.0" 200 1226 "-" "Mozilla/5.0 (Macintosh; Intel Mac OS X 10_14_4) AppleWebKit/537.36 (KHTML, like Gecko) Chrome/73.0.3683.86 Safari/537.36"
 - - [12/Apr/2019:03:14:06 +0000] "GET /stylesheet.css HTTP/1.0" 404 232 "http://ec2-13-57-176-60.us-west-1.compute.amazonaws.com/" "Mozilla/5.0 (Macintosh; Intel Mac OS X 10_14_4) AppleWebKit/537.36 (KHTML, like Gecko) Chrome/73.0.3683.86 Safari/537.36"
 - - [12/Apr/2019:03:14:12 +0000] "POST / HTTP/1.0" 200 591 "http://ec2-13-57-176-60.us-west-1.compute.amazonaws.com/" "Mozilla/5.0 (Macintosh; Intel Mac OS X 10_14_4) AppleWebKit/537.36 (KHTML, like Gecko) Chrome/73.0.3683.86 Safari/537.36"
 - - [12/Apr/2019:03:15:11 +0000] "POST / HTTP/1.0" 200 748 "http://ec2-13-57-176-60.us-west-1.compute.amazonaws.com/" "Mozilla/5.0 (Macintosh; Intel Mac OS X 10_14_4) AppleWebKit/537.36 (KHTML, like Gecko) Chrome/73.0.3683.86 Safari/537.36"
 - - [12/Apr/2019:03:15:53 +0000] "GET / HTTP/1.0" 200 1226 "-" "Mozilla/5.0 (Macintosh; Intel Mac OS X 10_14_4) AppleWebKit/537.36 (KHTML, like Gecko) Chrome/73.0.3683.86 Safari/537.36"
 - - [12/Apr/2019:03:15:54 +0000] "GET / HTTP/1.0" 200 1226 "-" "Mozilla/5.0 (Macintosh; Intel Mac OS X 10_14_4) AppleWebKit/537.36 (KHTML, like Gecko) Chrome/73.0.3683.86 Safari/537.36"
 - - [12/Apr/2019:03:15:54 +0000] "GET /stylesheet.css HTTP/1.0" 404 232 "http://ec2-13-57-176-60.us-west-1.compute.amazonaws.com/" "Mozilla/5.0 (Macintosh; Intel Mac OS X 10_14_4) AppleWebKit/537.36 (KHTML, like Gecko) Chrome/73.0.3683.86 Safari/537.36"
 - - [12/Apr/2019:03:16:00 +0000] "POST / HTTP/1.0" 500 290 "http://ec2-13-57-176-60.us-west-1.compute.amazonaws.com/" "Mozilla/5.0 (Macintosh; Intel Mac OS X 10_14_4) AppleWebKit/537.36 (KHTML, like Gecko) Chrome/73.0.3683.86 Safari/537.36"
 - - [12/Apr/2019:03:16:47 +0000] "GET / HTTP/1.0" 200 1226 "-" "Mozilla/5.0 (Macintosh; Intel Mac OS X 10_14_4) AppleWebKit/537.36 (KHTML, like Gecko) Chrome/73.0.3683.86 Safari/537.36"
 - - [12/Apr/2019:03:16:47 +0000] "GET /stylesheet.css HTTP/1.0" 404 232 "http://ec2-13-57-176-60.us-west-1.compute.amazonaws.com/" "Mozilla/5.0 (Macintosh; Intel Mac OS X 10_14_4) AppleWebKit/537.36 (KHTML, like Gecko) Chrome/73.0.3683.86 Safari/537.36"
 - - [12/Apr/2019:03:16:53 +0000] "POST / HTTP/1.0" 200 805 "http://ec2-13-57-176-60.us-west-1.compute.amazonaws.com/" "Mozilla/5.0 (Macintosh; Intel Mac OS X 10_14_4) AppleWebKit/537.36 (KHTML, like Gecko) Chrome/73.0.3683.86 Safari/537.36"
 - - [12/Apr/2019:03:16:57 +0000] "GET / HTTP/1.0" 200 1226 "http://ec2-13-57-176-60.us-west-1.compute.amazonaws.com/" "Mozilla/5.0 (Macintosh; Intel Mac OS X 10_14_4) AppleWebKit/537.36 (KHTML, like Gecko) Chrome/73.0.3683.86 Safari/537.36"
 - - [12/Apr/2019:03:16:57 +0000] "GET /stylesheet.css HTTP/1.0" 404 232 "http://ec2-13-57-176-60.us-west-1.compute.amazonaws.com/" "Mozilla/5.0 (Macintosh; Intel Mac OS X 10_14_4) AppleWebKit/537.36 (KHTML, like Gecko) Chrome/73.0.3683.86 Safari/537.36"
 - - [12/Apr/2019:03:17:43 +0000] "GET / HTTP/1.0" 200 1226 "http://ec2-13-57-176-60.us-west-1.compute.amazonaws.com/" "Mozilla/5.0 (Macintosh; Intel Mac OS X 10_14_4) AppleWebKit/537.36 (KHTML, like Gecko) Chrome/73.0.3683.86 Safari/537.36"
 - - [12/Apr/2019:03:17:43 +0000] "GET /stylesheet.css HTTP/1.0" 404 232 "http://ec2-13-57-176-60.us-west-1.compute.amazonaws.com/" "Mozilla/5.0 (Macintosh; Intel Mac OS X 10_14_4) AppleWebKit/537.36 (KHTML, like Gecko) Chrome/73.0.3683.86 Safari/537.36"
 - - [12/Apr/2019:03:17:48 +0000] "POST / HTTP/1.0" 200 831 "http://ec2-13-57-176-60.us-west-1.compute.amazonaws.com/" "Mozilla/5.0 (Macintosh; Intel Mac OS X 10_14_4) AppleWebKit/537.36 (KHTML, like Gecko) Chrome/73.0.3683.86 Safari/537.36"
 - - [12/Apr/2019:03:17:50 +0000] "GET / HTTP/1.0" 200 1226 "http://ec2-13-57-176-60.us-west-1.compute.amazonaws.com/" "Mozilla/5.0 (Macintosh; Intel Mac OS X 10_14_4) AppleWebKit/537.36 (KHTML, like Gecko) Chrome/73.0.3683.86 Safari/537.36"
 - - [12/Apr/2019:03:17:50 +0000] "GET /stylesheet.css HTTP/1.0" 404 232 "http://ec2-13-57-176-60.us-west-1.compute.amazonaws.com/" "Mozilla/5.0 (Macintosh; Intel Mac OS X 10_14_4) AppleWebKit/537.36 (KHTML, like Gecko) Chrome/73.0.3683.86 Safari/537.36"
 - - [12/Apr/2019:03:19:30 +0000] "GET / HTTP/1.0" 200 1226 "http://ec2-13-57-176-60.us-west-1.compute.amazonaws.com/" "Mozilla/5.0 (Macintosh; Intel Mac OS X 10_14_4) AppleWebKit/537.36 (KHTML, like Gecko) Chrome/73.0.3683.86 Safari/537.36"
 - - [12/Apr/2019:03:19:30 +0000] "GET /stylesheet.css HTTP/1.0" 404 232 "http://ec2-13-57-176-60.us-west-1.compute.amazonaws.com/" "Mozilla/5.0 (Macintosh; Intel Mac OS X 10_14_4) AppleWebKit/537.36 (KHTML, like Gecko) Chrome/73.0.3683.86 Safari/537.36"
 - - [12/Apr/2019:03:19:34 +0000] "POST / HTTP/1.0" 500 290 "http://ec2-13-57-176-60.us-west-1.compute.amazonaws.com/" "Mozilla/5.0 (Macintosh; Intel Mac OS X 10_14_4) AppleWebKit/537.36 (KHTML, like Gecko) Chrome/73.0.3683.86 Safari/537.36"
 - - [12/Apr/2019:03:20:58 +0000] "GET / HTTP/1.0" 200 1226 "http://ec2-13-57-176-60.us-west-1.compute.amazonaws.com/" "Mozilla/5.0 (Macintosh; Intel Mac OS X 10_14_4) AppleWebKit/537.36 (KHTML, like Gecko) Chrome/73.0.3683.86 Safari/537.36"
 - - [12/Apr/2019:03:20:58 +0000] "GET /stylesheet.css HTTP/1.0" 404 232 "http://ec2-13-57-176-60.us-west-1.compute.amazonaws.com/" "Mozilla/5.0 (Macintosh; Intel Mac OS X 10_14_4) AppleWebKit/537.36 (KHTML, like Gecko) Chrome/73.0.3683.86 Safari/537.36"
 - - [12/Apr/2019:03:21:04 +0000] "POST / HTTP/1.0" 500 290 "http://ec2-13-57-176-60.us-west-1.compute.amazonaws.com/" "Mozilla/5.0 (Macintosh; Intel Mac OS X 10_14_4) AppleWebKit/537.36 (KHTML, like Gecko) Chrome/73.0.3683.86 Safari/537.36"
 - - [12/Apr/2019:03:23:59 +0000] "POST / HTTP/1.0" 500 290 "http://ec2-13-57-176-60.us-west-1.compute.amazonaws.com/" "Mozilla/5.0 (Macintosh; Intel Mac OS X 10_14_4) AppleWebKit/537.36 (KHTML, like Gecko) Chrome/73.0.3683.86 Safari/537.36"
 - - [12/Apr/2019:03:24:04 +0000] "GET / HTTP/1.0" 200 1226 "http://ec2-13-57-176-60.us-west-1.compute.amazonaws.com/" "Mozilla/5.0 (Macintosh; Intel Mac OS X 10_14_4) AppleWebKit/537.36 (KHTML, like Gecko) Chrome/73.0.3683.86 Safari/537.36"
 - - [12/Apr/2019:03:24:04 +0000] "GET /stylesheet.css HTTP/1.0" 404 232 "http://ec2-13-57-176-60.us-west-1.compute.amazonaws.com/" "Mozilla/5.0 (Macintosh; Intel Mac OS X 10_14_4) AppleWebKit/537.36 (KHTML, like Gecko) Chrome/73.0.3683.86 Safari/537.36"
 - - [12/Apr/2019:03:24:09 +0000] "POST / HTTP/1.0" 500 290 "http://ec2-13-57-176-60.us-west-1.compute.amazonaws.com/" "Mozilla/5.0 (Macintosh; Intel Mac OS X 10_14_4) AppleWebKit/537.36 (KHTML, like Gecko) Chrome/73.0.3683.86 Safari/537.36"
 - - [12/Apr/2019:03:25:13 +0000] "GET / HTTP/1.0" 200 1226 "http://ec2-13-57-176-60.us-west-1.compute.amazonaws.com/" "Mozilla/5.0 (Macintosh; Intel Mac OS X 10_14_4) AppleWebKit/537.36 (KHTML, like Gecko) Chrome/73.0.3683.86 Safari/537.36"
 - - [12/Apr/2019:03:25:13 +0000] "GET /stylesheet.css HTTP/1.0" 404 232 "http://ec2-13-57-176-60.us-west-1.compute.amazonaws.com/" "Mozilla/5.0 (Macintosh; Intel Mac OS X 10_14_4) AppleWebKit/537.36 (KHTML, like Gecko) Chrome/73.0.3683.86 Safari/537.36"
 - - [12/Apr/2019:03:25:18 +0000] "POST / HTTP/1.0" 200 863 "http://ec2-13-57-176-60.us-west-1.compute.amazonaws.com/" "Mozilla/5.0 (Macintosh; Intel Mac OS X 10_14_4) AppleWebKit/537.36 (KHTML, like Gecko) Chrome/73.0.3683.86 Safari/537.36"
 - - [12/Apr/2019:03:25:19 +0000] "GET /more_info?preds=beardediris HTTP/1.0" 200 313 "http://ec2-13-57-176-60.us-west-1.compute.amazonaws.com/" "Mozilla/5.0 (Macintosh; Intel Mac OS X 10_14_4) AppleWebKit/537.36 (KHTML, like Gecko) Chrome/73.0.3683.86 Safari/537.36"
 - - [12/Apr/2019:03:25:33 +0000] "GET / HTTP/1.0" 200 1226 "-" "Mozilla/5.0 (Macintosh; Intel Mac OS X 10_11_1) AppleWebKit/601.2.4 (KHTML, like Gecko) Version/9.0.1 Safari/601.2.4 facebookexternalhit/1.1 Facebot Twitterbot/1.0"
 - - [12/Apr/2019:03:25:33 +0000] "GET /apple-touch-icon-precomposed.png HTTP/1.0" 404 232 "-" "Mozilla/5.0 (Macintosh; Intel Mac OS X 10_11_1) AppleWebKit/601.2.4 (KHTML, like Gecko) Version/9.0.1 Safari/601.2.4 facebookexternalhit/1.1 Facebot Twitterbot/1.0"
 - - [12/Apr/2019:03:25:33 +0000] "GET /apple-touch-icon.png HTTP/1.0" 404 232 "-" "Mozilla/5.0 (Macintosh; Intel Mac OS X 10_11_1) AppleWebKit/601.2.4 (KHTML, like Gecko) Version/9.0.1 Safari/601.2.4 facebookexternalhit/1.1 Facebot Twitterbot/1.0"
 - - [12/Apr/2019:03:25:33 +0000] "GET /favicon.ico HTTP/1.0" 404 232 "-" "Mozilla/5.0 (Macintosh; Intel Mac OS X 10_11_1) AppleWebKit/601.2.4 (KHTML, like Gecko) Version/9.0.1 Safari/601.2.4 facebookexternalhit/1.1 Facebot Twitterbot/1.0"
 - - [12/Apr/2019:03:25:39 +0000] "GET / HTTP/1.0" 200 1226 "-" "Mozilla/5.0 (Macintosh; Intel Mac OS X 10_11_1) AppleWebKit/601.2.4 (KHTML, like Gecko) Version/9.0.1 Safari/601.2.4 facebookexternalhit/1.1 Facebot Twitterbot/1.0"
 - - [12/Apr/2019:03:25:39 +0000] "GET /apple-touch-icon-precomposed.png HTTP/1.0" 404 232 "-" "Mozilla/5.0 (Macintosh; Intel Mac OS X 10_11_1) AppleWebKit/601.2.4 (KHTML, like Gecko) Version/9.0.1 Safari/601.2.4 facebookexternalhit/1.1 Facebot Twitterbot/1.0"
 - - [12/Apr/2019:03:25:39 +0000] "GET /apple-touch-icon.png HTTP/1.0" 404 232 "-" "Mozilla/5.0 (Macintosh; Intel Mac OS X 10_11_1) AppleWebKit/601.2.4 (KHTML, like Gecko) Version/9.0.1 Safari/601.2.4 facebookexternalhit/1.1 Facebot Twitterbot/1.0"
 - - [12/Apr/2019:03:25:39 +0000] "GET /favicon.ico HTTP/1.0" 404 232 "-" "Mozilla/5.0 (Macintosh; Intel Mac OS X 10_11_1) AppleWebKit/601.2.4 (KHTML, like Gecko) Version/9.0.1 Safari/601.2.4 facebookexternalhit/1.1 Facebot Twitterbot/1.0"
 - - [12/Apr/2019:03:25:43 +0000] "GET / HTTP/1.0" 200 1226 "-" "Mozilla/5.0 (Macintosh; Intel Mac OS X 10_11_1) AppleWebKit/601.2.4 (KHTML, like Gecko) Version/9.0.1 Safari/601.2.4 facebookexternalhit/1.1 Facebot Twitterbot/1.0"
 - - [12/Apr/2019:03:25:43 +0000] "GET /apple-touch-icon-precomposed.png HTTP/1.0" 404 232 "-" "Mozilla/5.0 (Macintosh; Intel Mac OS X 10_11_1) AppleWebKit/601.2.4 (KHTML, like Gecko) Version/9.0.1 Safari/601.2.4 facebookexternalhit/1.1 Facebot Twitterbot/1.0"
 - - [12/Apr/2019:03:25:43 +0000] "GET /apple-touch-icon.png HTTP/1.0" 404 232 "-" "Mozilla/5.0 (Macintosh; Intel Mac OS X 10_11_1) AppleWebKit/601.2.4 (KHTML, like Gecko) Version/9.0.1 Safari/601.2.4 facebookexternalhit/1.1 Facebot Twitterbot/1.0"
 - - [12/Apr/2019:03:25:43 +0000] "GET /favicon.ico HTTP/1.0" 404 232 "-" "Mozilla/5.0 (Macintosh; Intel Mac OS X 10_11_1) AppleWebKit/601.2.4 (KHTML, like Gecko) Version/9.0.1 Safari/601.2.4 facebookexternalhit/1.1 Facebot Twitterbot/1.0"
